<?xml version="1.0" encoding="UTF-8"?>
<robot generator="Robot 3.1.2 (Python 3.8.0 on win32)" generated="20200208 18:25:52.298" rpa="false">
<suite id="s1" name="AtblTst" source="C:\Users\Administrator\git\atbl_tst_rbt_tm\AtblTst">
<suite id="s1-s1" name="Team" source="C:\Users\Administrator\git\atbl_tst_rbt_tm\AtblTst\team">
<suite id="s1-s1-s1" name="Account" source="C:\Users\Administrator\git\atbl_tst_rbt_tm\AtblTst\team\account.robot">
<kw name="Open Browser" library="SeleniumLibrary" type="setup">
<doc>Opens a new browser instance to the optional ``url``.</doc>
<arguments>
<arg>${url}</arg>
<arg>${browser}</arg>
</arguments>
<msg timestamp="20200208 18:25:52.729" level="INFO">Opening browser 'chrome' to base url 'http://stage-app.autobill.com/'.</msg>
<status status="PASS" starttime="20200208 18:25:52.728" endtime="20200208 18:26:04.919"></status>
</kw>
<test id="s1-s1-s1-t1" name="LoginAutobillTest">
<kw name="Set Browser Implicit Wait" library="SeleniumLibrary">
<doc>Sets the implicit wait value used by Selenium.</doc>
<arguments>
<arg>5</arg>
</arguments>
<status status="PASS" starttime="20200208 18:26:04.921" endtime="20200208 18:26:04.927"></status>
</kw>
<kw name="Set Selenium Speed" library="SeleniumLibrary">
<doc>Sets the delay that is waited after each Selenium command.</doc>
<arguments>
<arg>1 second</arg>
</arguments>
<status status="PASS" starttime="20200208 18:26:04.928" endtime="20200208 18:26:04.929"></status>
</kw>
<kw name="LoginKW">
<kw name="Input Text" library="SeleniumLibrary">
<doc>Types the given ``text`` into the text field identified by ``locator``.</doc>
<arguments>
<arg>id=email</arg>
<arg>&amp;{credential}[username]</arg>
</arguments>
<msg timestamp="20200208 18:26:04.931" level="INFO">Typing text 'implementer@6e3f9004.local' into text field 'id=email'.</msg>
<status status="PASS" starttime="20200208 18:26:04.931" endtime="20200208 18:26:08.398"></status>
</kw>
<kw name="Input Password" library="SeleniumLibrary">
<doc>Types the given password into the text field identified by ``locator``.</doc>
<arguments>
<arg>id=password</arg>
<arg>&amp;{credential}[password]</arg>
</arguments>
<msg timestamp="20200208 18:26:08.403" level="INFO">Typing password into text field 'id=password'.</msg>
<status status="PASS" starttime="20200208 18:26:08.399" endtime="20200208 18:26:11.868"></status>
</kw>
<kw name="Click Button" library="SeleniumLibrary">
<doc>Clicks the button identified by ``locator``.</doc>
<arguments>
<arg>class=login-button</arg>
</arguments>
<msg timestamp="20200208 18:26:11.872" level="INFO">Clicking button 'class=login-button'.</msg>
<status status="PASS" starttime="20200208 18:26:11.870" endtime="20200208 18:26:28.021"></status>
</kw>
<status status="PASS" starttime="20200208 18:26:04.929" endtime="20200208 18:26:28.022"></status>
</kw>
<kw name="Log" library="BuiltIn">
<doc>Logs the given message with the given level.</doc>
<arguments>
<arg>Loging in to Autobill</arg>
</arguments>
<msg timestamp="20200208 18:26:28.024" level="INFO">Loging in to Autobill</msg>
<status status="PASS" starttime="20200208 18:26:28.022" endtime="20200208 18:26:28.024"></status>
</kw>
<doc>This is Autobill login test case</doc>
<tags>
<tag>Wasiqul</tag>
</tags>
<status status="PASS" starttime="20200208 18:26:04.920" endtime="20200208 18:26:28.024" critical="yes"></status>
</test>
<test id="s1-s1-s1-t2" name="CreateAccountAutobillTest">
<kw name="Set Selenium Speed" library="SeleniumLibrary">
<doc>Sets the delay that is waited after each Selenium command.</doc>
<arguments>
<arg>2 seconds</arg>
</arguments>
<status status="PASS" starttime="20200208 18:26:28.027" endtime="20200208 18:26:28.029"></status>
</kw>
<kw name="Set Selenium Timeout" library="SeleniumLibrary">
<doc>Sets the timeout that is used by various keywords.</doc>
<arguments>
<arg>10 seconds</arg>
</arguments>
<status status="PASS" starttime="20200208 18:26:28.029" endtime="20200208 18:26:30.034"></status>
</kw>
<kw name="CreateAccountKW">
<kw name="Generate Random String" library="String">
<doc>Generates a string with a desired ``length`` from the given ``chars``.</doc>
<arguments>
<arg>8</arg>
<arg>[NUMBERS]</arg>
</arguments>
<assign>
<var>${email-number}</var>
</assign>
<msg timestamp="20200208 18:26:30.040" level="INFO">${email-number} = 70940371</msg>
<status status="PASS" starttime="20200208 18:26:30.039" endtime="20200208 18:26:30.041"></status>
</kw>
<kw name="Click Element" library="SeleniumLibrary">
<doc>Click the element identified by ``locator``.</doc>
<arguments>
<arg>xpath=//span[@class='icon lnr lnr-plus-circle']</arg>
</arguments>
<msg timestamp="20200208 18:26:30.043" level="INFO">Clicking element 'xpath=//span[@class='icon lnr lnr-plus-circle']'.</msg>
<status status="PASS" starttime="20200208 18:26:30.042" endtime="20200208 18:26:34.255"></status>
</kw>
<kw name="Click Element" library="SeleniumLibrary">
<doc>Click the element identified by ``locator``.</doc>
<arguments>
<arg>xpath=//li[@class='new-item create-new-account-link skip-ajax-validation tab-opener']//span[@class='new-text'][contains(text(),'Account')]</arg>
</arguments>
<msg timestamp="20200208 18:26:34.258" level="INFO">Clicking element 'xpath=//li[@class='new-item create-new-account-link skip-ajax-validation tab-opener']//span[@class='new-text'][contains(text(),'Account')]'.</msg>
<status status="PASS" starttime="20200208 18:26:34.255" endtime="20200208 18:26:38.508"></status>
</kw>
<kw name="Input Text" library="SeleniumLibrary">
<doc>Types the given ``text`` into the text field identified by ``locator``.</doc>
<arguments>
<arg>name=name</arg>
<arg>WasiqulAutobot</arg>
</arguments>
<msg timestamp="20200208 18:26:38.512" level="INFO">Typing text 'WasiqulAutobot' into text field 'name=name'.</msg>
<status status="PASS" starttime="20200208 18:26:38.510" endtime="20200208 18:26:46.423"></status>
</kw>
<kw name="Input Text" library="SeleniumLibrary">
<doc>Types the given ``text`` into the text field identified by ``locator``.</doc>
<arguments>
<arg>name=emailAddress</arg>
<arg>abc${email-number}@yoho.com</arg>
</arguments>
<msg timestamp="20200208 18:26:46.427" level="INFO">Typing text 'abc70940371@yoho.com' into text field 'name=emailAddress'.</msg>
<status status="PASS" starttime="20200208 18:26:46.425" endtime="20200208 18:26:53.148"></status>
</kw>
<kw name="Click Button" library="SeleniumLibrary">
<doc>Clicks the button identified by ``locator``.</doc>
<arguments>
<arg>xpath=//button[@class='submit-button common-tab-actions']</arg>
</arguments>
<msg timestamp="20200208 18:26:53.152" level="INFO">Clicking button 'xpath=//button[@class='submit-button common-tab-actions']'.</msg>
<status status="PASS" starttime="20200208 18:26:53.150" endtime="20200208 18:27:03.625"></status>
</kw>
<status status="PASS" starttime="20200208 18:26:30.036" endtime="20200208 18:27:03.625"></status>
</kw>
<kw name="Log" library="BuiltIn">
<doc>Logs the given message with the given level.</doc>
<arguments>
<arg>Creating an account</arg>
</arguments>
<msg timestamp="20200208 18:27:03.627" level="INFO">Creating an account</msg>
<status status="PASS" starttime="20200208 18:27:03.626" endtime="20200208 18:27:03.627"></status>
</kw>
<doc>This is Autobill Create Account test case</doc>
<tags>
<tag>Wasiqul</tag>
</tags>
<status status="PASS" starttime="20200208 18:26:28.026" endtime="20200208 18:27:03.627" critical="yes"></status>
</test>
<test id="s1-s1-s1-t3" name="LogoutAutobillTest">
<kw name="Set Selenium Speed" library="SeleniumLibrary">
<doc>Sets the delay that is waited after each Selenium command.</doc>
<arguments>
<arg>1 second</arg>
</arguments>
<status status="PASS" starttime="20200208 18:27:03.630" endtime="20200208 18:27:03.631"></status>
</kw>
<kw name="LogoutKW">
<kw name="Click Element" library="SeleniumLibrary">
<doc>Click the element identified by ``locator``.</doc>
<arguments>
<arg>class=place-holder-image</arg>
</arguments>
<msg timestamp="20200208 18:27:03.632" level="INFO">Clicking element 'class=place-holder-image'.</msg>
<status status="PASS" starttime="20200208 18:27:03.631" endtime="20200208 18:27:05.965"></status>
</kw>
<kw name="Click Element" library="SeleniumLibrary">
<doc>Click the element identified by ``locator``.</doc>
<arguments>
<arg>xpath=//span[contains(text(),'Logout')]</arg>
</arguments>
<msg timestamp="20200208 18:27:05.966" level="INFO">Clicking element 'xpath=//span[contains(text(),'Logout')]'.</msg>
<status status="PASS" starttime="20200208 18:27:05.966" endtime="20200208 18:27:09.145"></status>
</kw>
<status status="PASS" starttime="20200208 18:27:03.631" endtime="20200208 18:27:09.146"></status>
</kw>
<kw name="Log" library="BuiltIn">
<doc>Logs the given message with the given level.</doc>
<arguments>
<arg>Loging out from Autobill</arg>
</arguments>
<msg timestamp="20200208 18:27:09.149" level="INFO">Loging out from Autobill</msg>
<status status="PASS" starttime="20200208 18:27:09.148" endtime="20200208 18:27:09.150"></status>
</kw>
<doc>This is Autobill logout test case</doc>
<tags>
<tag>Wasiqul</tag>
</tags>
<status status="PASS" starttime="20200208 18:27:03.628" endtime="20200208 18:27:09.151" critical="yes"></status>
</test>
<kw name="Close Browser" library="SeleniumLibrary" type="teardown">
<doc>Closes the current browser.</doc>
<status status="PASS" starttime="20200208 18:27:09.155" endtime="20200208 18:27:12.277"></status>
</kw>
<status status="PASS" starttime="20200208 18:25:52.470" endtime="20200208 18:27:12.278"></status>
</suite>
<suite id="s1-s1-s2" name="Product" source="C:\Users\Administrator\git\atbl_tst_rbt_tm\AtblTst\team\product.robot">
<test id="s1-s1-s2-t1" name="CreateStandardProduct">
<kw name="Log" library="BuiltIn">
<doc>Logs the given message with the given level.</doc>
<arguments>
<arg>Shafaq</arg>
</arguments>
<msg timestamp="20200208 18:27:12.308" level="INFO">Shafaq</msg>
<status status="PASS" starttime="20200208 18:27:12.306" endtime="20200208 18:27:12.309"></status>
</kw>
<kw name="Open Browser" library="SeleniumLibrary">
<doc>Opens a new browser instance to the optional ``url``.</doc>
<arguments>
<arg>${URL}</arg>
<arg>${Browser}</arg>
</arguments>
<msg timestamp="20200208 18:27:12.311" level="INFO">Opening browser 'chrome' to base url 'http://stage-app.autobill.com/'.</msg>
<status status="PASS" starttime="20200208 18:27:12.310" endtime="20200208 18:27:26.820"></status>
</kw>
<kw name="Set Browser Implicit Wait" library="SeleniumLibrary">
<doc>Sets the implicit wait value used by Selenium.</doc>
<arguments>
<arg>5</arg>
</arguments>
<status status="PASS" starttime="20200208 18:27:26.822" endtime="20200208 18:27:27.828"></status>
</kw>
<kw name="LoginToAutobill">
<kw name="Input Text" library="SeleniumLibrary">
<doc>Types the given ``text`` into the text field identified by ``locator``.</doc>
<arguments>
<arg>id=&amp;{LoginElements}[username_field_id]</arg>
<arg>&amp;{Credential}[username]</arg>
</arguments>
<msg timestamp="20200208 18:27:27.832" level="INFO">Typing text 'implementer@34ded2f8.local' into text field 'id=email'.</msg>
<status status="PASS" starttime="20200208 18:27:27.830" endtime="20200208 18:27:31.277"></status>
</kw>
<kw name="Input Text" library="SeleniumLibrary">
<doc>Types the given ``text`` into the text field identified by ``locator``.</doc>
<arguments>
<arg>id=&amp;{LoginElements}[password_field_id]</arg>
<arg>&amp;{Credential}[password]</arg>
</arguments>
<msg timestamp="20200208 18:27:31.284" level="INFO">Typing text 'implementer@34ded2f8.local' into text field 'id=password'.</msg>
<status status="PASS" starttime="20200208 18:27:31.279" endtime="20200208 18:27:34.729"></status>
</kw>
<kw name="Click Button" library="SeleniumLibrary">
<doc>Clicks the button identified by ``locator``.</doc>
<arguments>
<arg>Login</arg>
</arguments>
<msg timestamp="20200208 18:27:34.733" level="INFO">Clicking button 'Login'.</msg>
<status status="PASS" starttime="20200208 18:27:34.731" endtime="20200208 18:27:53.510"></status>
</kw>
<status status="PASS" starttime="20200208 18:27:27.829" endtime="20200208 18:27:53.512"></status>
</kw>
<kw name="Set Browser Implicit Wait" library="SeleniumLibrary">
<doc>Sets the implicit wait value used by Selenium.</doc>
<arguments>
<arg>5</arg>
</arguments>
<status status="PASS" starttime="20200208 18:27:53.513" endtime="20200208 18:27:54.518"></status>
</kw>
<kw name="Element Text Should Be" library="SeleniumLibrary">
<doc>Verifies that element ``locator`` contains exact the text ``expected``.</doc>
<arguments>
<arg>xpath=&amp;{DashboardElement}[dashboard_text_xpath]</arg>
<arg>Dashboard</arg>
</arguments>
<msg timestamp="20200208 18:27:54.521" level="INFO">Verifying element 'xpath=//*[@id="dashboard-graph"]/div[2]/div[1]/div/span[2]' contains exact text 'Dashboard'.</msg>
<status status="PASS" starttime="20200208 18:27:54.519" endtime="20200208 18:27:56.610"></status>
</kw>
<kw name="Click Element" library="SeleniumLibrary">
<doc>Click the element identified by ``locator``.</doc>
<arguments>
<arg>xpath=&amp;{DashboardElement}[quick_link_xpath]</arg>
</arguments>
<msg timestamp="20200208 18:27:56.615" level="INFO">Clicking element 'xpath=/html/body/div[1]/div[2]/div[2]/span/span/img'.</msg>
<status status="PASS" starttime="20200208 18:27:56.612" endtime="20200208 18:27:58.827"></status>
</kw>
<kw name="Click Element" library="SeleniumLibrary">
<doc>Click the element identified by ``locator``.</doc>
<arguments>
<arg>xpath=&amp;{DashboardElement}[product_list_xpath]</arg>
</arguments>
<msg timestamp="20200208 18:27:58.831" level="INFO">Clicking element 'xpath=/html/body/div[1]/div[2]/div[2]/div/ul/li[2]/span[2]'.</msg>
<status status="PASS" starttime="20200208 18:27:58.828" endtime="20200208 18:28:01.046"></status>
</kw>
<kw name="Set Browser Implicit Wait" library="SeleniumLibrary">
<doc>Sets the implicit wait value used by Selenium.</doc>
<arguments>
<arg>5</arg>
</arguments>
<status status="PASS" starttime="20200208 18:28:01.047" endtime="20200208 18:28:02.053"></status>
</kw>
<kw name="Close Browser" library="SeleniumLibrary">
<doc>Closes the current browser.</doc>
<status status="PASS" starttime="20200208 18:28:02.055" endtime="20200208 18:28:05.159"></status>
</kw>
<doc>This test case creates a standard product</doc>
<status status="PASS" starttime="20200208 18:27:12.304" endtime="20200208 18:28:05.160" critical="yes"></status>
</test>
<status status="PASS" starttime="20200208 18:27:12.291" endtime="20200208 18:28:05.163"></status>
</suite>
<status status="PASS" starttime="20200208 18:25:52.465" endtime="20200208 18:28:05.172"></status>
</suite>
<status status="PASS" starttime="20200208 18:25:52.417" endtime="20200208 18:28:05.184"></status>
</suite>
<statistics>
<total>
<stat pass="4" fail="0">Critical Tests</stat>
<stat pass="4" fail="0">All Tests</stat>
</total>
<tag>
<stat pass="3" fail="0">Wasiqul</stat>
</tag>
<suite>
<stat pass="4" fail="0" id="s1" name="AtblTst">AtblTst</stat>
<stat pass="4" fail="0" id="s1-s1" name="Team">AtblTst.Team</stat>
<stat pass="3" fail="0" id="s1-s1-s1" name="Account">AtblTst.Team.Account</stat>
<stat pass="1" fail="0" id="s1-s1-s2" name="Product">AtblTst.Team.Product</stat>
</suite>
</statistics>
<errors>
</errors>
</robot>
