<?xml version="1.0" encoding="UTF-8"?>
<robot generator="Robot 3.1.2 (Python 3.8.0 on win32)" generated="20200206 22:19:42.536" rpa="false">
<suite id="s1" name="AtblTst" source="C:\Users\Administrator\eclipse-workspace\AtblTst">
<suite id="s1-s1" name="Team" source="C:\Users\Administrator\eclipse-workspace\AtblTst\team">
<suite id="s1-s1-s1" name="Account" source="C:\Users\Administrator\eclipse-workspace\AtblTst\team\account.robot">
<test id="s1-s1-s1-t1" name="AccountCreate">
<kw name="Log" library="BuiltIn">
<doc>Logs the given message with the given level.</doc>
<arguments>
<arg>Wasiqul</arg>
</arguments>
<msg timestamp="20200206 22:19:42.664" level="INFO">Wasiqul</msg>
<status status="PASS" starttime="20200206 22:19:42.663" endtime="20200206 22:19:42.664"></status>
</kw>
<status status="PASS" starttime="20200206 22:19:42.662" endtime="20200206 22:19:42.665" critical="yes"></status>
</test>
<status status="PASS" starttime="20200206 22:19:42.660" endtime="20200206 22:19:42.666"></status>
</suite>
<suite id="s1-s1-s2" name="Product" source="C:\Users\Administrator\eclipse-workspace\AtblTst\team\product.robot">
<test id="s1-s1-s2-t1" name="ProductCreate">
<kw name="Log" library="BuiltIn">
<doc>Logs the given message with the given level.</doc>
<arguments>
<arg>Shafaq</arg>
</arguments>
<msg timestamp="20200206 22:19:42.671" level="INFO">Shafaq</msg>
<status status="PASS" starttime="20200206 22:19:42.671" endtime="20200206 22:19:42.671"></status>
</kw>
<status status="PASS" starttime="20200206 22:19:42.670" endtime="20200206 22:19:42.672" critical="yes"></status>
</test>
<status status="PASS" starttime="20200206 22:19:42.668" endtime="20200206 22:19:42.673"></status>
</suite>
<status status="PASS" starttime="20200206 22:19:42.657" endtime="20200206 22:19:42.674"></status>
</suite>
<status status="PASS" starttime="20200206 22:19:42.624" endtime="20200206 22:19:42.675"></status>
</suite>
<statistics>
<total>
<stat pass="2" fail="0">Critical Tests</stat>
<stat pass="2" fail="0">All Tests</stat>
</total>
<tag>
</tag>
<suite>
<stat pass="2" fail="0" id="s1" name="AtblTst">AtblTst</stat>
<stat pass="2" fail="0" id="s1-s1" name="Team">AtblTst.Team</stat>
<stat pass="1" fail="0" id="s1-s1-s1" name="Account">AtblTst.Team.Account</stat>
<stat pass="1" fail="0" id="s1-s1-s2" name="Product">AtblTst.Team.Product</stat>
</suite>
</statistics>
<errors>
</errors>
</robot>
