<?xml version="1.0" encoding="UTF-8"?>
<robot generator="Robot 3.1.2 (Python 3.8.0 on win32)" generated="20200208 13:35:36.525" rpa="false">
<suite id="s1" name="AtblTst" source="C:\Users\Administrator\git\atbl_tst_rbt_tm\AtblTst">
<suite id="s1-s1" name="Team" source="C:\Users\Administrator\git\atbl_tst_rbt_tm\AtblTst\team">
<suite id="s1-s1-s1" name="Account" source="C:\Users\Administrator\git\atbl_tst_rbt_tm\AtblTst\team\account.robot">
<kw name="Open Browser" library="SeleniumLibrary" type="setup">
<doc>Opens a new browser instance to the optional ``url``.</doc>
<arguments>
<arg>${url}</arg>
<arg>chrome</arg>
</arguments>
<msg timestamp="20200208 13:35:36.960" level="INFO">Opening browser 'chrome' to base url 'http://stage-app.autobill.com/'.</msg>
<status status="PASS" starttime="20200208 13:35:36.959" endtime="20200208 13:35:49.772"></status>
</kw>
<test id="s1-s1-s1-t1" name="LoginAutobillTest">
<kw name="Set Browser Implicit Wait" library="SeleniumLibrary">
<doc>Sets the implicit wait value used by Selenium.</doc>
<arguments>
<arg>5</arg>
</arguments>
<status status="PASS" starttime="20200208 13:35:49.776" endtime="20200208 13:35:49.783"></status>
</kw>
<kw name="Set Selenium Speed" library="SeleniumLibrary">
<doc>Sets the delay that is waited after each Selenium command.</doc>
<arguments>
<arg>1 second</arg>
</arguments>
<status status="PASS" starttime="20200208 13:35:49.784" endtime="20200208 13:35:49.786"></status>
</kw>
<kw name="LoginKW">
<kw name="Input Text" library="SeleniumLibrary">
<doc>Types the given ``text`` into the text field identified by ``locator``.</doc>
<arguments>
<arg>id=email</arg>
<arg>&amp;{credential}[username]</arg>
</arguments>
<msg timestamp="20200208 13:35:49.789" level="INFO">Typing text 'implementer@6e3f9004.local' into text field 'id=email'.</msg>
<status status="PASS" starttime="20200208 13:35:49.788" endtime="20200208 13:35:53.151"></status>
</kw>
<kw name="Input Password" library="SeleniumLibrary">
<doc>Types the given password into the text field identified by ``locator``.</doc>
<arguments>
<arg>id=password</arg>
<arg>&amp;{credential}[password]</arg>
</arguments>
<msg timestamp="20200208 13:35:53.154" level="INFO">Typing password into text field 'id=password'.</msg>
<status status="PASS" starttime="20200208 13:35:53.152" endtime="20200208 13:35:56.658"></status>
</kw>
<kw name="Click Button" library="SeleniumLibrary">
<doc>Clicks the button identified by ``locator``.</doc>
<arguments>
<arg>class=login-button</arg>
</arguments>
<msg timestamp="20200208 13:35:56.662" level="INFO">Clicking button 'class=login-button'.</msg>
<status status="PASS" starttime="20200208 13:35:56.660" endtime="20200208 13:36:12.084"></status>
</kw>
<status status="PASS" starttime="20200208 13:35:49.786" endtime="20200208 13:36:12.085"></status>
</kw>
<kw name="Log" library="BuiltIn">
<doc>Logs the given message with the given level.</doc>
<arguments>
<arg>Loging in to Autobill</arg>
</arguments>
<msg timestamp="20200208 13:36:12.087" level="INFO">Loging in to Autobill</msg>
<status status="PASS" starttime="20200208 13:36:12.085" endtime="20200208 13:36:12.087"></status>
</kw>
<doc>This is Autobill login test case</doc>
<tags>
<tag>Wasiqul</tag>
</tags>
<status status="PASS" starttime="20200208 13:35:49.773" endtime="20200208 13:36:12.087" critical="yes"></status>
</test>
<test id="s1-s1-s1-t2" name="CreateAccountAutobillTest">
<kw name="Set Selenium Speed" library="SeleniumLibrary">
<doc>Sets the delay that is waited after each Selenium command.</doc>
<arguments>
<arg>2 seconds</arg>
</arguments>
<status status="PASS" starttime="20200208 13:36:12.089" endtime="20200208 13:36:12.090"></status>
</kw>
<kw name="Set Selenium Timeout" library="SeleniumLibrary">
<doc>Sets the timeout that is used by various keywords.</doc>
<arguments>
<arg>10 seconds</arg>
</arguments>
<status status="PASS" starttime="20200208 13:36:12.091" endtime="20200208 13:36:14.093"></status>
</kw>
<kw name="CreateAccountKW">
<kw name="Generate Random String" library="String">
<doc>Generates a string with a desired ``length`` from the given ``chars``.</doc>
<arguments>
<arg>8</arg>
<arg>[NUMBERS]</arg>
</arguments>
<assign>
<var>${email-number}</var>
</assign>
<msg timestamp="20200208 13:36:14.100" level="INFO">${email-number} = 30365279</msg>
<status status="PASS" starttime="20200208 13:36:14.098" endtime="20200208 13:36:14.100"></status>
</kw>
<kw name="Click Element" library="SeleniumLibrary">
<doc>Click the element identified by ``locator``.</doc>
<arguments>
<arg>xpath=//span[@class='icon lnr lnr-plus-circle']</arg>
</arguments>
<msg timestamp="20200208 13:36:14.102" level="INFO">Clicking element 'xpath=//span[@class='icon lnr lnr-plus-circle']'.</msg>
<status status="PASS" starttime="20200208 13:36:14.100" endtime="20200208 13:36:18.343"></status>
</kw>
<kw name="Click Element" library="SeleniumLibrary">
<doc>Click the element identified by ``locator``.</doc>
<arguments>
<arg>xpath=//li[@class='new-item create-new-account-link skip-ajax-validation tab-opener']//span[@class='new-text'][contains(text(),'Account')]</arg>
</arguments>
<msg timestamp="20200208 13:36:18.347" level="INFO">Clicking element 'xpath=//li[@class='new-item create-new-account-link skip-ajax-validation tab-opener']//span[@class='new-text'][contains(text(),'Account')]'.</msg>
<status status="PASS" starttime="20200208 13:36:18.345" endtime="20200208 13:36:22.582"></status>
</kw>
<kw name="Input Text" library="SeleniumLibrary">
<doc>Types the given ``text`` into the text field identified by ``locator``.</doc>
<arguments>
<arg>name=name</arg>
<arg>WasiqulAutobot</arg>
</arguments>
<msg timestamp="20200208 13:36:22.585" level="INFO">Typing text 'WasiqulAutobot' into text field 'name=name'.</msg>
<status status="PASS" starttime="20200208 13:36:22.583" endtime="20200208 13:36:31.730"></status>
</kw>
<kw name="Input Text" library="SeleniumLibrary">
<doc>Types the given ``text`` into the text field identified by ``locator``.</doc>
<arguments>
<arg>name=emailAddress</arg>
<arg>abc${email-number}@yoho.com</arg>
</arguments>
<msg timestamp="20200208 13:36:31.733" level="INFO">Typing text 'abc30365279@yoho.com' into text field 'name=emailAddress'.</msg>
<status status="PASS" starttime="20200208 13:36:31.731" endtime="20200208 13:36:38.429"></status>
</kw>
<kw name="Click Button" library="SeleniumLibrary">
<doc>Clicks the button identified by ``locator``.</doc>
<arguments>
<arg>xpath=//button[@class='submit-button common-tab-actions']</arg>
</arguments>
<msg timestamp="20200208 13:36:38.433" level="INFO">Clicking button 'xpath=//button[@class='submit-button common-tab-actions']'.</msg>
<status status="PASS" starttime="20200208 13:36:38.431" endtime="20200208 13:36:48.970"></status>
</kw>
<status status="PASS" starttime="20200208 13:36:14.095" endtime="20200208 13:36:48.971"></status>
</kw>
<kw name="Log" library="BuiltIn">
<doc>Logs the given message with the given level.</doc>
<arguments>
<arg>Creating an account</arg>
</arguments>
<msg timestamp="20200208 13:36:48.973" level="INFO">Creating an account</msg>
<status status="PASS" starttime="20200208 13:36:48.971" endtime="20200208 13:36:48.973"></status>
</kw>
<doc>This is Autobill Create Account test case</doc>
<tags>
<tag>Wasiqul</tag>
</tags>
<status status="PASS" starttime="20200208 13:36:12.088" endtime="20200208 13:36:48.973" critical="yes"></status>
</test>
<test id="s1-s1-s1-t3" name="LogoutAutobillTest">
<kw name="Set Selenium Speed" library="SeleniumLibrary">
<doc>Sets the delay that is waited after each Selenium command.</doc>
<arguments>
<arg>1 second</arg>
</arguments>
<status status="PASS" starttime="20200208 13:36:48.976" endtime="20200208 13:36:48.977"></status>
</kw>
<kw name="LogoutKW">
<kw name="Click Element" library="SeleniumLibrary">
<doc>Click the element identified by ``locator``.</doc>
<arguments>
<arg>class=place-holder-image</arg>
</arguments>
<msg timestamp="20200208 13:36:48.979" level="INFO">Clicking element 'class=place-holder-image'.</msg>
<status status="PASS" starttime="20200208 13:36:48.978" endtime="20200208 13:36:51.250"></status>
</kw>
<kw name="Click Element" library="SeleniumLibrary">
<doc>Click the element identified by ``locator``.</doc>
<arguments>
<arg>xpath=//span[contains(text(),'Logout')]</arg>
</arguments>
<msg timestamp="20200208 13:36:51.254" level="INFO">Clicking element 'xpath=//span[contains(text(),'Logout')]'.</msg>
<status status="PASS" starttime="20200208 13:36:51.252" endtime="20200208 13:36:54.227"></status>
</kw>
<status status="PASS" starttime="20200208 13:36:48.977" endtime="20200208 13:36:54.229"></status>
</kw>
<kw name="Log" library="BuiltIn">
<doc>Logs the given message with the given level.</doc>
<arguments>
<arg>Loging out from Autobill</arg>
</arguments>
<msg timestamp="20200208 13:36:54.232" level="INFO">Loging out from Autobill</msg>
<status status="PASS" starttime="20200208 13:36:54.230" endtime="20200208 13:36:54.233"></status>
</kw>
<kw name="Log" library="BuiltIn">
<doc>Logs the given message with the given level.</doc>
<arguments>
<arg>this test executed by %{username} in %{os}</arg>
</arguments>
<msg timestamp="20200208 13:36:54.235" level="INFO">this test executed by Administrator in Windows_NT</msg>
<status status="PASS" starttime="20200208 13:36:54.234" endtime="20200208 13:36:54.236"></status>
</kw>
<doc>This is Autobill logout test case</doc>
<tags>
<tag>Wasiqul</tag>
</tags>
<status status="PASS" starttime="20200208 13:36:48.975" endtime="20200208 13:36:54.237" critical="yes"></status>
</test>
<kw name="Close Browser" library="SeleniumLibrary" type="teardown">
<doc>Closes the current browser.</doc>
<status status="PASS" starttime="20200208 13:36:54.240" endtime="20200208 13:36:57.337"></status>
</kw>
<status status="PASS" starttime="20200208 13:35:36.633" endtime="20200208 13:36:57.338"></status>
</suite>
<status status="PASS" starttime="20200208 13:35:36.629" endtime="20200208 13:36:57.352"></status>
</suite>
<status status="PASS" starttime="20200208 13:35:36.579" endtime="20200208 13:36:57.361"></status>
</suite>
<statistics>
<total>
<stat pass="3" fail="0">Critical Tests</stat>
<stat pass="3" fail="0">All Tests</stat>
</total>
<tag>
<stat pass="3" fail="0">Wasiqul</stat>
</tag>
<suite>
<stat pass="3" fail="0" id="s1" name="AtblTst">AtblTst</stat>
<stat pass="3" fail="0" id="s1-s1" name="Team">AtblTst.Team</stat>
<stat pass="3" fail="0" id="s1-s1-s1" name="Account">AtblTst.Team.Account</stat>
</suite>
</statistics>
<errors>
</errors>
</robot>
